<?xml version="1.0" encoding="UTF-8"?>
<testng-results ignored="0" total="1" passed="1" failed="0" skipped="0">
  <reporter-output>
  </reporter-output>
  <suite started-at="2022-05-11T17:11:47 IST" name="Default suite" finished-at="2022-05-11T17:11:52 IST" duration-ms="5342">
    <groups>
    </groups>
    <test started-at="2022-05-11T17:11:47 IST" name="Default test" finished-at="2022-05-11T17:11:52 IST" duration-ms="5342">
      <class name="requestChaining.RequestChainingCreateAndUpdateReq">
        <test-method signature="createDataAndUpdate()[pri:0, instance:requestChaining.RequestChainingCreateAndUpdateReq@d6e7bab]" started-at="2022-05-11T17:11:47 IST" name="createDataAndUpdate" finished-at="2022-05-11T17:11:52 IST" duration-ms="5222" status="PASS">
          <reporter-output>
          </reporter-output>
        </test-method> <!-- createDataAndUpdate -->
      </class> <!-- requestChaining.RequestChainingCreateAndUpdateReq -->
    </test> <!-- Default test -->
  </suite> <!-- Default suite -->
</testng-results>
